  ProcessPanel.c
c:\users\administrator\desktop\test\process\lnu_os_exp\processpanel.c(52): warning C4996: 'strcat': This function or variable may be unsafe. Consider using strcat_s instead. To disable deprecation, use _CRT_SECURE_NO_WARNINGS. See online help for details.
          d:\visual studio 2012\vc\include\string.h(115) : 参见“strcat”的声明
c:\users\administrator\desktop\test\process\lnu_os_exp\processpanel.c(53): warning C4996: 'itoa': The POSIX name for this item is deprecated. Instead, use the ISO C++ conformant name: _itoa. See online help for details.
          d:\visual studio 2012\vc\include\stdlib.h(909) : 参见“itoa”的声明
c:\users\administrator\desktop\test\process\lnu_os_exp\processpanel.c(54): warning C4996: 'strcat': This function or variable may be unsafe. Consider using strcat_s instead. To disable deprecation, use _CRT_SECURE_NO_WARNINGS. See online help for details.
          d:\visual studio 2012\vc\include\string.h(115) : 参见“strcat”的声明
c:\users\administrator\desktop\test\process\lnu_os_exp\processpanel.c(55): warning C4996: 'strcat': This function or variable may be unsafe. Consider using strcat_s instead. To disable deprecation, use _CRT_SECURE_NO_WARNINGS. See online help for details.
          d:\visual studio 2012\vc\include\string.h(115) : 参见“strcat”的声明
c:\users\administrator\desktop\test\process\lnu_os_exp\processpanel.c(57): warning C4996: 'sprintf': This function or variable may be unsafe. Consider using sprintf_s instead. To disable deprecation, use _CRT_SECURE_NO_WARNINGS. See online help for details.
          d:\visual studio 2012\vc\include\stdio.h(357) : 参见“sprintf”的声明
c:\users\administrator\desktop\test\process\lnu_os_exp\processpanel.c(59): warning C4047: “函数”:“UINT”与“void *”的间接级别不同
c:\users\administrator\desktop\test\process\lnu_os_exp\processpanel.c(59): warning C4024: “GetMessageA”: 形参和实参 3 的类型不同
c:\users\administrator\desktop\test\process\lnu_os_exp\processpanel.c(59): warning C4024: “GetMessageA”: 形参和实参 4 的类型不同
c:\users\administrator\desktop\test\process\lnu_os_exp\processpanel.c(67): warning C4996: 'itoa': The POSIX name for this item is deprecated. Instead, use the ISO C++ conformant name: _itoa. See online help for details.
          d:\visual studio 2012\vc\include\stdlib.h(909) : 参见“itoa”的声明
c:\users\administrator\desktop\test\process\lnu_os_exp\processpanel.c(68): warning C4996: 'sprintf': This function or variable may be unsafe. Consider using sprintf_s instead. To disable deprecation, use _CRT_SECURE_NO_WARNINGS. See online help for details.
          d:\visual studio 2012\vc\include\stdio.h(357) : 参见“sprintf”的声明
c:\users\administrator\desktop\test\process\lnu_os_exp\processpanel.c(94): warning C4996: 'strcpy': This function or variable may be unsafe. Consider using strcpy_s instead. To disable deprecation, use _CRT_SECURE_NO_WARNINGS. See online help for details.
          d:\visual studio 2012\vc\include\string.h(110) : 参见“strcpy”的声明
c:\users\administrator\desktop\test\process\lnu_os_exp\processpanel.c(95): warning C4047: “函数”:“DWORD”与“void *”的间接级别不同
c:\users\administrator\desktop\test\process\lnu_os_exp\processpanel.c(95): warning C4024: “CreateThread”: 形参和实参 5 的类型不同
c:\users\administrator\desktop\test\process\lnu_os_exp\processpanel.c(77): warning C4101: “t2”: 未引用的局部变量
c:\users\administrator\desktop\test\process\lnu_os_exp\processpanel.c(77): warning C4101: “t1”: 未引用的局部变量
c:\users\administrator\desktop\test\process\lnu_os_exp\processpanel.c(119): warning C4996: 'scanf': This function or variable may be unsafe. Consider using scanf_s instead. To disable deprecation, use _CRT_SECURE_NO_WARNINGS. See online help for details.
          d:\visual studio 2012\vc\include\stdio.h(290) : 参见“scanf”的声明
c:\users\administrator\desktop\test\process\lnu_os_exp\processpanel.c(121): warning C4996: 'scanf': This function or variable may be unsafe. Consider using scanf_s instead. To disable deprecation, use _CRT_SECURE_NO_WARNINGS. See online help for details.
          d:\visual studio 2012\vc\include\stdio.h(290) : 参见“scanf”的声明
c:\users\administrator\desktop\test\process\lnu_os_exp\processpanel.c(110): warning C4101: “hEvt”: 未引用的局部变量
c:\users\administrator\desktop\test\process\lnu_os_exp\processpanel.c(156): warning C4996: 'getch': The POSIX name for this item is deprecated. Instead, use the ISO C++ conformant name: _getch. See online help for details.
          d:\visual studio 2012\vc\include\conio.h(131) : 参见“getch”的声明
c:\users\administrator\desktop\test\process\lnu_os_exp\processpanel.c(166): warning C4996: 'scanf': This function or variable may be unsafe. Consider using scanf_s instead. To disable deprecation, use _CRT_SECURE_NO_WARNINGS. See online help for details.
          d:\visual studio 2012\vc\include\stdio.h(290) : 参见“scanf”的声明
c:\users\administrator\desktop\test\process\lnu_os_exp\processpanel.c(191): warning C4996: 'getch': The POSIX name for this item is deprecated. Instead, use the ISO C++ conformant name: _getch. See online help for details.
          d:\visual studio 2012\vc\include\conio.h(131) : 参见“getch”的声明
c:\users\administrator\desktop\test\process\lnu_os_exp\processpanel.c(200): warning C4996: 'scanf': This function or variable may be unsafe. Consider using scanf_s instead. To disable deprecation, use _CRT_SECURE_NO_WARNINGS. See online help for details.
          d:\visual studio 2012\vc\include\stdio.h(290) : 参见“scanf”的声明
c:\users\administrator\desktop\test\process\lnu_os_exp\processpanel.c(251): warning C4996: 'getch': The POSIX name for this item is deprecated. Instead, use the ISO C++ conformant name: _getch. See online help for details.
          d:\visual studio 2012\vc\include\conio.h(131) : 参见“getch”的声明
c:\users\administrator\desktop\test\process\lnu_os_exp\processpanel.c(276): warning C4996: 'getch': The POSIX name for this item is deprecated. Instead, use the ISO C++ conformant name: _getch. See online help for details.
          d:\visual studio 2012\vc\include\conio.h(131) : 参见“getch”的声明
c:\users\administrator\desktop\test\process\lnu_os_exp\processpanel.c(320): warning C4996: 'getch': The POSIX name for this item is deprecated. Instead, use the ISO C++ conformant name: _getch. See online help for details.
          d:\visual studio 2012\vc\include\conio.h(131) : 参见“getch”的声明
c:\users\administrator\desktop\test\process\lnu_os_exp\processpanel.c(330): warning C4996: 'getch': The POSIX name for this item is deprecated. Instead, use the ISO C++ conformant name: _getch. See online help for details.
          d:\visual studio 2012\vc\include\conio.h(131) : 参见“getch”的声明
c:\users\administrator\desktop\test\process\lnu_os_exp\processpanel.c(354): warning C4996: 'getch': The POSIX name for this item is deprecated. Instead, use the ISO C++ conformant name: _getch. See online help for details.
          d:\visual studio 2012\vc\include\conio.h(131) : 参见“getch”的声明
c:\users\administrator\desktop\test\process\lnu_os_exp\processpanel.c(378): warning C4996: 'getch': The POSIX name for this item is deprecated. Instead, use the ISO C++ conformant name: _getch. See online help for details.
          d:\visual studio 2012\vc\include\conio.h(131) : 参见“getch”的声明
c:\users\administrator\desktop\test\process\lnu_os_exp\processpanel.c(383): warning C4996: 'getch': The POSIX name for this item is deprecated. Instead, use the ISO C++ conformant name: _getch. See online help for details.
          d:\visual studio 2012\vc\include\conio.h(131) : 参见“getch”的声明
  LNU_OS_Exp.vcxproj -> C:\Users\Administrator\Desktop\Test\Process\Debug\Process.exe
