C:\USERS\ADMINISTRATOR\DESKTOP\TEST\LNU_OS_EXP\LNU_OS_EXP\DEBUG\PROCESSPANEL.OBJ
C:\USERS\ADMINISTRATOR\DESKTOP\TEST\LNU_OS_EXP\LNU_OS_EXP\DEBUG\VC110.PDB
C:\USERS\ADMINISTRATOR\DESKTOP\TEST\LNU_OS_EXP\DEBUG\PROCESS.ILK
C:\USERS\ADMINISTRATOR\DESKTOP\TEST\LNU_OS_EXP\DEBUG\PROCESS.EXE
C:\USERS\ADMINISTRATOR\DESKTOP\TEST\LNU_OS_EXP\DEBUG\PROCESS.PDB
C:\Users\Administrator\Desktop\Test\Process\LNU_OS_Exp\Debug\ProcessPanel.obj
C:\Users\Administrator\Desktop\Test\Process\LNU_OS_Exp\Debug\cl.command.1.tlog
C:\Users\Administrator\Desktop\Test\Process\LNU_OS_Exp\Debug\CL.read.1.tlog
C:\Users\Administrator\Desktop\Test\Process\LNU_OS_Exp\Debug\CL.write.1.tlog
C:\Users\Administrator\Desktop\Test\Process\LNU_OS_Exp\Debug\link-cvtres.read.1.tlog
C:\Users\Administrator\Desktop\Test\Process\LNU_OS_Exp\Debug\link-cvtres.write.1.tlog
C:\Users\Administrator\Desktop\Test\Process\LNU_OS_Exp\Debug\link-rc.read.1.tlog
C:\Users\Administrator\Desktop\Test\Process\LNU_OS_Exp\Debug\link-rc.write.1.tlog
C:\Users\Administrator\Desktop\Test\Process\LNU_OS_Exp\Debug\link.command.1.tlog
C:\Users\Administrator\Desktop\Test\Process\LNU_OS_Exp\Debug\link.read.1.tlog
C:\Users\Administrator\Desktop\Test\Process\LNU_OS_Exp\Debug\link.write.1.tlog
C:\Users\Administrator\Desktop\Test\Process\LNU_OS_Exp\Debug\vc110.idb
C:\Users\Administrator\Desktop\Test\Process\LNU_OS_Exp\Debug\vc110.pdb
C:\Users\Administrator\Desktop\Test\Process\Debug\Process.pdb
C:\Users\Administrator\Desktop\Test\Process\Debug\Process.exe
C:\Users\Administrator\Desktop\Test\Process\Debug\Process.ilk
